8/2/2025 4:57:18 PM: System.Data.SqlClient.SqlException (0x80131904): Invalid column name 'CustCode'.
Invalid column name 'CustActName'.
Invalid column name 'CustLevelName'.
Invalid column name 'CustCtgrName'.
Invalid column name 'AreaName'.
Invalid column name 'StateName'.
   at System.Data.SqlClient.SqlConnection.OnError(SqlException exception, Boolean breakConnection, Action`1 wrapCloseInAction)
   at System.Data.SqlClient.SqlInternalConnection.OnError(SqlException exception, Boolean breakConnection, Action`1 wrapCloseInAction)
   at System.Data.SqlClient.TdsParser.ThrowExceptionAndWarning(TdsParserStateObject stateObj, Boolean callerHasConnectionLock, Boolean asyncClose)
   at System.Data.SqlClient.TdsParser.TryRun(RunBehavior runBehavior, SqlCommand cmdHandler, SqlDataReader dataStream, BulkCopySimpleResultSet bulkCopyHandler, TdsParserStateObject stateObj, Boolean& dataReady)
   at System.Data.SqlClient.SqlCommand.FinishExecuteReader(SqlDataReader ds, RunBehavior runBehavior, String resetOptionsString, Boolean isInternal, Boolean forDescribeParameterEncryption, Boolean shouldCacheForAlwaysEncrypted)
   at System.Data.SqlClient.SqlCommand.CompleteAsyncExecuteReader(Boolean isInternal, Boolean forDescribeParameterEncryption)
   at System.Data.SqlClient.SqlCommand.InternalEndExecuteNonQuery(IAsyncResult asyncResult, String endMethod, Boolean isInternal)
   at System.Data.SqlClient.SqlCommand.EndExecuteNonQueryInternal(IAsyncResult asyncResult)
   at System.Data.SqlClient.SqlCommand.EndExecuteNonQueryAsync(IAsyncResult asyncResult)
   at System.Threading.Tasks.TaskFactory`1.FromAsyncCoreLogic(IAsyncResult iar, Func`2 endFunction, Action`1 endAction, Task`1 promise, Boolean requiresSynchronization)
--- End of stack trace from previous location where exception was thrown ---
   at System.Runtime.CompilerServices.TaskAwaiter.ThrowForNonSuccess(Task task)
   at System.Runtime.CompilerServices.TaskAwaiter.HandleNonSuccessAndDebuggerNotification(Task task)
   at System.Runtime.CompilerServices.TaskAwaiter`1.GetResult()
   at SalesTehranBouranWin.Services.DataService.<SaveCustomers>d__4.MoveNext() in D:\C#\SalesTehranBouranWin\SalesTehranBouranWin\Services\DataService.cs:line 255
--- End of stack trace from previous location where exception was thrown ---
   at System.Runtime.CompilerServices.TaskAwaiter.ThrowForNonSuccess(Task task)
   at System.Runtime.CompilerServices.TaskAwaiter.HandleNonSuccessAndDebuggerNotification(Task task)
   at System.Runtime.CompilerServices.TaskAwaiter`1.GetResult()
   at SalesTehranBouranWin.Form1.<button3_Click>d__7.MoveNext() in D:\C#\SalesTehranBouranWin\SalesTehranBouranWin\Form1.cs:line 129
ClientConnectionId:b594e5fb-fa98-4536-9d6c-711d56e77d32
Error Number:207,State:1,Class:16
8/2/2025 4:58:42 PM: System.Data.SqlClient.SqlException (0x80131904): Invalid column name 'CustActName'.
Invalid column name 'CustLevelName'.
Invalid column name 'CustCtgrName'.
Invalid column name 'AreaName'.
Invalid column name 'StateName'.
   at System.Data.SqlClient.SqlConnection.OnError(SqlException exception, Boolean breakConnection, Action`1 wrapCloseInAction)
   at System.Data.SqlClient.SqlInternalConnection.OnError(SqlException exception, Boolean breakConnection, Action`1 wrapCloseInAction)
   at System.Data.SqlClient.TdsParser.ThrowExceptionAndWarning(TdsParserStateObject stateObj, Boolean callerHasConnectionLock, Boolean asyncClose)
   at System.Data.SqlClient.TdsParser.TryRun(RunBehavior runBehavior, SqlCommand cmdHandler, SqlDataReader dataStream, BulkCopySimpleResultSet bulkCopyHandler, TdsParserStateObject stateObj, Boolean& dataReady)
   at System.Data.SqlClient.SqlCommand.FinishExecuteReader(SqlDataReader ds, RunBehavior runBehavior, String resetOptionsString, Boolean isInternal, Boolean forDescribeParameterEncryption, Boolean shouldCacheForAlwaysEncrypted)
   at System.Data.SqlClient.SqlCommand.CompleteAsyncExecuteReader(Boolean isInternal, Boolean forDescribeParameterEncryption)
   at System.Data.SqlClient.SqlCommand.InternalEndExecuteNonQuery(IAsyncResult asyncResult, String endMethod, Boolean isInternal)
   at System.Data.SqlClient.SqlCommand.EndExecuteNonQueryInternal(IAsyncResult asyncResult)
   at System.Data.SqlClient.SqlCommand.EndExecuteNonQueryAsync(IAsyncResult asyncResult)
   at System.Threading.Tasks.TaskFactory`1.FromAsyncCoreLogic(IAsyncResult iar, Func`2 endFunction, Action`1 endAction, Task`1 promise, Boolean requiresSynchronization)
--- End of stack trace from previous location where exception was thrown ---
   at System.Runtime.CompilerServices.TaskAwaiter.ThrowForNonSuccess(Task task)
   at System.Runtime.CompilerServices.TaskAwaiter.HandleNonSuccessAndDebuggerNotification(Task task)
   at System.Runtime.CompilerServices.TaskAwaiter`1.GetResult()
   at SalesTehranBouranWin.Services.DataService.<SaveCustomers>d__4.MoveNext() in D:\C#\SalesTehranBouranWin\SalesTehranBouranWin\Services\DataService.cs:line 255
--- End of stack trace from previous location where exception was thrown ---
   at System.Runtime.CompilerServices.TaskAwaiter.ThrowForNonSuccess(Task task)
   at System.Runtime.CompilerServices.TaskAwaiter.HandleNonSuccessAndDebuggerNotification(Task task)
   at System.Runtime.CompilerServices.TaskAwaiter`1.GetResult()
   at SalesTehranBouranWin.Form1.<button3_Click>d__7.MoveNext() in D:\C#\SalesTehranBouranWin\SalesTehranBouranWin\Form1.cs:line 129
ClientConnectionId:5845a1e0-d78b-46e2-b851-892a025a5965
Error Number:207,State:1,Class:16
8/2/2025 5:05:03 PM: System.Data.SqlClient.SqlException (0x80131904): Invalid column name 'CustomerCode'.
   at System.Data.SqlClient.SqlConnection.OnError(SqlException exception, Boolean breakConnection, Action`1 wrapCloseInAction)
   at System.Data.SqlClient.SqlInternalConnection.OnError(SqlException exception, Boolean breakConnection, Action`1 wrapCloseInAction)
   at System.Data.SqlClient.TdsParser.ThrowExceptionAndWarning(TdsParserStateObject stateObj, Boolean callerHasConnectionLock, Boolean asyncClose)
   at System.Data.SqlClient.TdsParser.TryRun(RunBehavior runBehavior, SqlCommand cmdHandler, SqlDataReader dataStream, BulkCopySimpleResultSet bulkCopyHandler, TdsParserStateObject stateObj, Boolean& dataReady)
   at System.Data.SqlClient.SqlCommand.FinishExecuteReader(SqlDataReader ds, RunBehavior runBehavior, String resetOptionsString, Boolean isInternal, Boolean forDescribeParameterEncryption, Boolean shouldCacheForAlwaysEncrypted)
   at System.Data.SqlClient.SqlCommand.CompleteAsyncExecuteReader(Boolean isInternal, Boolean forDescribeParameterEncryption)
   at System.Data.SqlClient.SqlCommand.InternalEndExecuteNonQuery(IAsyncResult asyncResult, String endMethod, Boolean isInternal)
   at System.Data.SqlClient.SqlCommand.EndExecuteNonQueryInternal(IAsyncResult asyncResult)
   at System.Data.SqlClient.SqlCommand.EndExecuteNonQueryAsync(IAsyncResult asyncResult)
   at System.Threading.Tasks.TaskFactory`1.FromAsyncCoreLogic(IAsyncResult iar, Func`2 endFunction, Action`1 endAction, Task`1 promise, Boolean requiresSynchronization)
--- End of stack trace from previous location where exception was thrown ---
   at System.Runtime.CompilerServices.TaskAwaiter.ThrowForNonSuccess(Task task)
   at System.Runtime.CompilerServices.TaskAwaiter.HandleNonSuccessAndDebuggerNotification(Task task)
   at System.Runtime.CompilerServices.TaskAwaiter`1.GetResult()
   at SalesTehranBouranWin.Services.DataService.<SaveCustomers>d__4.MoveNext() in D:\C#\SalesTehranBouranWin\SalesTehranBouranWin\Services\DataService.cs:line 255
--- End of stack trace from previous location where exception was thrown ---
   at System.Runtime.CompilerServices.TaskAwaiter.ThrowForNonSuccess(Task task)
   at System.Runtime.CompilerServices.TaskAwaiter.HandleNonSuccessAndDebuggerNotification(Task task)
   at System.Runtime.CompilerServices.TaskAwaiter`1.GetResult()
   at SalesTehranBouranWin.Form1.<button3_Click>d__7.MoveNext() in D:\C#\SalesTehranBouranWin\SalesTehranBouranWin\Form1.cs:line 129
ClientConnectionId:bfb8a195-3b95-4e7e-adab-85333bf73201
Error Number:207,State:1,Class:16
8/2/2025 5:07:19 PM: System.Data.SqlClient.SqlException (0x80131904): String or binary data would be truncated.
The statement has been terminated.
   at System.Data.SqlClient.SqlConnection.OnError(SqlException exception, Boolean breakConnection, Action`1 wrapCloseInAction)
   at System.Data.SqlClient.SqlInternalConnection.OnError(SqlException exception, Boolean breakConnection, Action`1 wrapCloseInAction)
   at System.Data.SqlClient.TdsParser.ThrowExceptionAndWarning(TdsParserStateObject stateObj, Boolean callerHasConnectionLock, Boolean asyncClose)
   at System.Data.SqlClient.TdsParser.TryRun(RunBehavior runBehavior, SqlCommand cmdHandler, SqlDataReader dataStream, BulkCopySimpleResultSet bulkCopyHandler, TdsParserStateObject stateObj, Boolean& dataReady)
   at System.Data.SqlClient.SqlCommand.FinishExecuteReader(SqlDataReader ds, RunBehavior runBehavior, String resetOptionsString, Boolean isInternal, Boolean forDescribeParameterEncryption, Boolean shouldCacheForAlwaysEncrypted)
   at System.Data.SqlClient.SqlCommand.CompleteAsyncExecuteReader(Boolean isInternal, Boolean forDescribeParameterEncryption)
   at System.Data.SqlClient.SqlCommand.InternalEndExecuteNonQuery(IAsyncResult asyncResult, String endMethod, Boolean isInternal)
   at System.Data.SqlClient.SqlCommand.EndExecuteNonQueryInternal(IAsyncResult asyncResult)
   at System.Data.SqlClient.SqlCommand.EndExecuteNonQueryAsync(IAsyncResult asyncResult)
   at System.Threading.Tasks.TaskFactory`1.FromAsyncCoreLogic(IAsyncResult iar, Func`2 endFunction, Action`1 endAction, Task`1 promise, Boolean requiresSynchronization)
--- End of stack trace from previous location where exception was thrown ---
   at System.Runtime.CompilerServices.TaskAwaiter.ThrowForNonSuccess(Task task)
   at System.Runtime.CompilerServices.TaskAwaiter.HandleNonSuccessAndDebuggerNotification(Task task)
   at System.Runtime.CompilerServices.TaskAwaiter`1.GetResult()
   at SalesTehranBouranWin.Services.DataService.<SaveCustomers>d__4.MoveNext() in D:\C#\SalesTehranBouranWin\SalesTehranBouranWin\Services\DataService.cs:line 255
--- End of stack trace from previous location where exception was thrown ---
   at System.Runtime.CompilerServices.TaskAwaiter.ThrowForNonSuccess(Task task)
   at System.Runtime.CompilerServices.TaskAwaiter.HandleNonSuccessAndDebuggerNotification(Task task)
   at System.Runtime.CompilerServices.TaskAwaiter`1.GetResult()
   at SalesTehranBouranWin.Form1.<button3_Click>d__7.MoveNext() in D:\C#\SalesTehranBouranWin\SalesTehranBouranWin\Form1.cs:line 129
ClientConnectionId:0b39cf7a-68f3-4db3-afbb-b3c36391ace6
Error Number:8152,State:13,Class:16
8/2/2025 5:12:04 PM: System.Data.SqlClient.SqlException (0x80131904): Violation of PRIMARY KEY constraint 'PK__Customer__3214EC27EE356184'. Cannot insert duplicate key in object 'dbo.Customers'. The duplicate key value is (391012214).
The statement has been terminated.
   at System.Data.SqlClient.SqlConnection.OnError(SqlException exception, Boolean breakConnection, Action`1 wrapCloseInAction)
   at System.Data.SqlClient.SqlInternalConnection.OnError(SqlException exception, Boolean breakConnection, Action`1 wrapCloseInAction)
   at System.Data.SqlClient.TdsParser.ThrowExceptionAndWarning(TdsParserStateObject stateObj, Boolean callerHasConnectionLock, Boolean asyncClose)
   at System.Data.SqlClient.TdsParser.TryRun(RunBehavior runBehavior, SqlCommand cmdHandler, SqlDataReader dataStream, BulkCopySimpleResultSet bulkCopyHandler, TdsParserStateObject stateObj, Boolean& dataReady)
   at System.Data.SqlClient.SqlCommand.FinishExecuteReader(SqlDataReader ds, RunBehavior runBehavior, String resetOptionsString, Boolean isInternal, Boolean forDescribeParameterEncryption, Boolean shouldCacheForAlwaysEncrypted)
   at System.Data.SqlClient.SqlCommand.CompleteAsyncExecuteReader(Boolean isInternal, Boolean forDescribeParameterEncryption)
   at System.Data.SqlClient.SqlCommand.InternalEndExecuteNonQuery(IAsyncResult asyncResult, String endMethod, Boolean isInternal)
   at System.Data.SqlClient.SqlCommand.EndExecuteNonQueryInternal(IAsyncResult asyncResult)
   at System.Data.SqlClient.SqlCommand.EndExecuteNonQueryAsync(IAsyncResult asyncResult)
   at System.Threading.Tasks.TaskFactory`1.FromAsyncCoreLogic(IAsyncResult iar, Func`2 endFunction, Action`1 endAction, Task`1 promise, Boolean requiresSynchronization)
--- End of stack trace from previous location where exception was thrown ---
   at System.Runtime.CompilerServices.TaskAwaiter.ThrowForNonSuccess(Task task)
   at System.Runtime.CompilerServices.TaskAwaiter.HandleNonSuccessAndDebuggerNotification(Task task)
   at System.Runtime.CompilerServices.TaskAwaiter`1.GetResult()
   at SalesTehranBouranWin.Services.DataService.<SaveCustomers>d__4.MoveNext() in D:\C#\SalesTehranBouranWin\SalesTehranBouranWin\Services\DataService.cs:line 255
--- End of stack trace from previous location where exception was thrown ---
   at System.Runtime.CompilerServices.TaskAwaiter.ThrowForNonSuccess(Task task)
   at System.Runtime.CompilerServices.TaskAwaiter.HandleNonSuccessAndDebuggerNotification(Task task)
   at System.Runtime.CompilerServices.TaskAwaiter`1.GetResult()
   at SalesTehranBouranWin.Form1.<button3_Click>d__7.MoveNext() in D:\C#\SalesTehranBouranWin\SalesTehranBouranWin\Form1.cs:line 129
ClientConnectionId:0b5d6f51-ae4f-4635-8f9c-d155fe203c57
Error Number:2627,State:1,Class:14
8/3/2025 10:39:16 AM: System.Data.SqlClient.SqlException (0x80131904): Violation of PRIMARY KEY constraint 'PK__Customer__3214EC277E69B4D1'. Cannot insert duplicate key in object 'dbo.Customers'. The duplicate key value is (600019807).
The statement has been terminated.
   at System.Data.SqlClient.SqlConnection.OnError(SqlException exception, Boolean breakConnection, Action`1 wrapCloseInAction)
   at System.Data.SqlClient.SqlInternalConnection.OnError(SqlException exception, Boolean breakConnection, Action`1 wrapCloseInAction)
   at System.Data.SqlClient.TdsParser.ThrowExceptionAndWarning(TdsParserStateObject stateObj, Boolean callerHasConnectionLock, Boolean asyncClose)
   at System.Data.SqlClient.TdsParser.TryRun(RunBehavior runBehavior, SqlCommand cmdHandler, SqlDataReader dataStream, BulkCopySimpleResultSet bulkCopyHandler, TdsParserStateObject stateObj, Boolean& dataReady)
   at System.Data.SqlClient.SqlCommand.FinishExecuteReader(SqlDataReader ds, RunBehavior runBehavior, String resetOptionsString, Boolean isInternal, Boolean forDescribeParameterEncryption, Boolean shouldCacheForAlwaysEncrypted)
   at System.Data.SqlClient.SqlCommand.CompleteAsyncExecuteReader(Boolean isInternal, Boolean forDescribeParameterEncryption)
   at System.Data.SqlClient.SqlCommand.InternalEndExecuteNonQuery(IAsyncResult asyncResult, String endMethod, Boolean isInternal)
   at System.Data.SqlClient.SqlCommand.EndExecuteNonQueryInternal(IAsyncResult asyncResult)
   at System.Data.SqlClient.SqlCommand.EndExecuteNonQueryAsync(IAsyncResult asyncResult)
   at System.Threading.Tasks.TaskFactory`1.FromAsyncCoreLogic(IAsyncResult iar, Func`2 endFunction, Action`1 endAction, Task`1 promise, Boolean requiresSynchronization)
--- End of stack trace from previous location where exception was thrown ---
   at System.Runtime.CompilerServices.TaskAwaiter.ThrowForNonSuccess(Task task)
   at System.Runtime.CompilerServices.TaskAwaiter.HandleNonSuccessAndDebuggerNotification(Task task)
   at System.Runtime.CompilerServices.TaskAwaiter`1.GetResult()
   at SalesTehranBouranWin.Services.DataService.<SaveCustomers>d__4.MoveNext() in D:\C#\SalesTehranBouranWin\SalesTehranBouranWin\Services\DataService.cs:line 255
--- End of stack trace from previous location where exception was thrown ---
   at System.Runtime.CompilerServices.TaskAwaiter.ThrowForNonSuccess(Task task)
   at System.Runtime.CompilerServices.TaskAwaiter.HandleNonSuccessAndDebuggerNotification(Task task)
   at System.Runtime.CompilerServices.TaskAwaiter`1.GetResult()
   at SalesTehranBouranWin.Form1.<button3_Click>d__7.MoveNext() in D:\C#\SalesTehranBouranWin\SalesTehranBouranWin\Form1.cs:line 129
ClientConnectionId:449bfcee-a249-4b2b-9374-fd850037166c
Error Number:2627,State:1,Class:14
8/3/2025 10:45:46 AM: System.Data.SqlClient.SqlException (0x80131904): Violation of PRIMARY KEY constraint 'PK__Customer__3214EC277E69B4D1'. Cannot insert duplicate key in object 'dbo.Customers'. The duplicate key value is (290029090).
The statement has been terminated.
   at System.Data.SqlClient.SqlConnection.OnError(SqlException exception, Boolean breakConnection, Action`1 wrapCloseInAction)
   at System.Data.SqlClient.SqlInternalConnection.OnError(SqlException exception, Boolean breakConnection, Action`1 wrapCloseInAction)
   at System.Data.SqlClient.TdsParser.ThrowExceptionAndWarning(TdsParserStateObject stateObj, Boolean callerHasConnectionLock, Boolean asyncClose)
   at System.Data.SqlClient.TdsParser.TryRun(RunBehavior runBehavior, SqlCommand cmdHandler, SqlDataReader dataStream, BulkCopySimpleResultSet bulkCopyHandler, TdsParserStateObject stateObj, Boolean& dataReady)
   at System.Data.SqlClient.SqlCommand.FinishExecuteReader(SqlDataReader ds, RunBehavior runBehavior, String resetOptionsString, Boolean isInternal, Boolean forDescribeParameterEncryption, Boolean shouldCacheForAlwaysEncrypted)
   at System.Data.SqlClient.SqlCommand.CompleteAsyncExecuteReader(Boolean isInternal, Boolean forDescribeParameterEncryption)
   at System.Data.SqlClient.SqlCommand.InternalEndExecuteNonQuery(IAsyncResult asyncResult, String endMethod, Boolean isInternal)
   at System.Data.SqlClient.SqlCommand.EndExecuteNonQueryInternal(IAsyncResult asyncResult)
   at System.Data.SqlClient.SqlCommand.EndExecuteNonQueryAsync(IAsyncResult asyncResult)
   at System.Threading.Tasks.TaskFactory`1.FromAsyncCoreLogic(IAsyncResult iar, Func`2 endFunction, Action`1 endAction, Task`1 promise, Boolean requiresSynchronization)
--- End of stack trace from previous location where exception was thrown ---
   at System.Runtime.CompilerServices.TaskAwaiter.ThrowForNonSuccess(Task task)
   at System.Runtime.CompilerServices.TaskAwaiter.HandleNonSuccessAndDebuggerNotification(Task task)
   at System.Runtime.CompilerServices.TaskAwaiter`1.GetResult()
   at SalesTehranBouranWin.Services.DataService.<SaveCustomers>d__4.MoveNext() in D:\C#\SalesTehranBouranWin\SalesTehranBouranWin\Services\DataService.cs:line 255
--- End of stack trace from previous location where exception was thrown ---
   at System.Runtime.CompilerServices.TaskAwaiter.ThrowForNonSuccess(Task task)
   at System.Runtime.CompilerServices.TaskAwaiter.HandleNonSuccessAndDebuggerNotification(Task task)
   at System.Runtime.CompilerServices.TaskAwaiter`1.GetResult()
   at SalesTehranBouranWin.Form1.<button3_Click>d__7.MoveNext() in D:\C#\SalesTehranBouranWin\SalesTehranBouranWin\Form1.cs:line 129
ClientConnectionId:449bfcee-a249-4b2b-9374-fd850037166c
Error Number:2627,State:1,Class:14
8/3/2025 10:47:37 AM: System.Data.SqlClient.SqlException (0x80131904): String or binary data would be truncated.
The statement has been terminated.
   at System.Data.SqlClient.SqlConnection.OnError(SqlException exception, Boolean breakConnection, Action`1 wrapCloseInAction)
   at System.Data.SqlClient.SqlInternalConnection.OnError(SqlException exception, Boolean breakConnection, Action`1 wrapCloseInAction)
   at System.Data.SqlClient.TdsParser.ThrowExceptionAndWarning(TdsParserStateObject stateObj, Boolean callerHasConnectionLock, Boolean asyncClose)
   at System.Data.SqlClient.TdsParser.TryRun(RunBehavior runBehavior, SqlCommand cmdHandler, SqlDataReader dataStream, BulkCopySimpleResultSet bulkCopyHandler, TdsParserStateObject stateObj, Boolean& dataReady)
   at System.Data.SqlClient.SqlCommand.FinishExecuteReader(SqlDataReader ds, RunBehavior runBehavior, String resetOptionsString, Boolean isInternal, Boolean forDescribeParameterEncryption, Boolean shouldCacheForAlwaysEncrypted)
   at System.Data.SqlClient.SqlCommand.CompleteAsyncExecuteReader(Boolean isInternal, Boolean forDescribeParameterEncryption)
   at System.Data.SqlClient.SqlCommand.InternalEndExecuteNonQuery(IAsyncResult asyncResult, String endMethod, Boolean isInternal)
   at System.Data.SqlClient.SqlCommand.EndExecuteNonQueryInternal(IAsyncResult asyncResult)
   at System.Data.SqlClient.SqlCommand.EndExecuteNonQueryAsync(IAsyncResult asyncResult)
   at System.Threading.Tasks.TaskFactory`1.FromAsyncCoreLogic(IAsyncResult iar, Func`2 endFunction, Action`1 endAction, Task`1 promise, Boolean requiresSynchronization)
--- End of stack trace from previous location where exception was thrown ---
   at System.Runtime.CompilerServices.TaskAwaiter.ThrowForNonSuccess(Task task)
   at System.Runtime.CompilerServices.TaskAwaiter.HandleNonSuccessAndDebuggerNotification(Task task)
   at System.Runtime.CompilerServices.TaskAwaiter`1.GetResult()
   at SalesTehranBouranWin.Services.DataService.<SaveCustomers>d__4.MoveNext() in D:\C#\SalesTehranBouranWin\SalesTehranBouranWin\Services\DataService.cs:line 255
--- End of stack trace from previous location where exception was thrown ---
   at System.Runtime.CompilerServices.TaskAwaiter.ThrowForNonSuccess(Task task)
   at System.Runtime.CompilerServices.TaskAwaiter.HandleNonSuccessAndDebuggerNotification(Task task)
   at System.Runtime.CompilerServices.TaskAwaiter`1.GetResult()
   at SalesTehranBouranWin.Form1.<button3_Click>d__7.MoveNext() in D:\C#\SalesTehranBouranWin\SalesTehranBouranWin\Form1.cs:line 129
ClientConnectionId:449bfcee-a249-4b2b-9374-fd850037166c
Error Number:8152,State:13,Class:16
8/3/2025 10:57:05 AM: System.ArgumentException: Type of value has a mismatch with column typeCouldn't store <310010745> in Id Column.  Expected type is Guid. ---> System.ArgumentException: Type of value has a mismatch with column type
   at System.Data.Common.ObjectStorage.Set(Int32 recordNo, Object value)
   at System.Data.DataColumn.set_Item(Int32 record, Object value)
   --- End of inner exception stack trace ---
   at System.Data.DataColumn.set_Item(Int32 record, Object value)
   at System.Data.DataTable.NewRecordFromArray(Object[] value)
   at System.Data.DataRowCollection.Add(Object[] values)
   at SalesTehranBouranWin.Services.DataService.ConvertCustomersToDataTable(List`1 customers) in D:\C#\SalesTehranBouranWin\SalesTehranBouranWin\Services\DataService.cs:line 255
   at SalesTehranBouranWin.Services.DataService.<SaveCustomers>d__4.MoveNext() in D:\C#\SalesTehranBouranWin\SalesTehranBouranWin\Services\DataService.cs:line 234
--- End of stack trace from previous location where exception was thrown ---
   at System.Runtime.CompilerServices.TaskAwaiter.ThrowForNonSuccess(Task task)
   at System.Runtime.CompilerServices.TaskAwaiter.HandleNonSuccessAndDebuggerNotification(Task task)
   at System.Runtime.CompilerServices.TaskAwaiter`1.GetResult()
   at SalesTehranBouranWin.Form1.<button3_Click>d__7.MoveNext() in D:\C#\SalesTehranBouranWin\SalesTehranBouranWin\Form1.cs:line 129
8/3/2025 10:59:16 AM: System.InvalidOperationException: The given ColumnMapping does not match up with any column in the source or destination.
   at System.Data.SqlClient.SqlBulkCopy.AnalyzeTargetAndCreateUpdateBulkCommand(BulkCopySimpleResultSet internalResults)
   at System.Data.SqlClient.SqlBulkCopy.WriteToServerInternalRestContinuedAsync(BulkCopySimpleResultSet internalResults, CancellationToken cts, TaskCompletionSource`1 source)
--- End of stack trace from previous location where exception was thrown ---
   at System.Runtime.CompilerServices.TaskAwaiter.ThrowForNonSuccess(Task task)
   at System.Runtime.CompilerServices.TaskAwaiter.HandleNonSuccessAndDebuggerNotification(Task task)
   at System.Runtime.CompilerServices.TaskAwaiter.GetResult()
   at SalesTehranBouranWin.Services.DataService.<SaveCustomers>d__4.MoveNext() in D:\C#\SalesTehranBouranWin\SalesTehranBouranWin\Services\DataService.cs:line 236
--- End of stack trace from previous location where exception was thrown ---
   at System.Runtime.CompilerServices.TaskAwaiter.ThrowForNonSuccess(Task task)
   at System.Runtime.CompilerServices.TaskAwaiter.HandleNonSuccessAndDebuggerNotification(Task task)
   at System.Runtime.CompilerServices.TaskAwaiter`1.GetResult()
   at SalesTehranBouranWin.Form1.<button3_Click>d__7.MoveNext() in D:\C#\SalesTehranBouranWin\SalesTehranBouranWin\Form1.cs:line 129
8/3/2025 11:18:52 AM: System.ArgumentException: Type of value has a mismatch with column typeCouldn't store <310004782> in Id Column.  Expected type is Guid. ---> System.ArgumentException: Type of value has a mismatch with column type
   at System.Data.Common.ObjectStorage.Set(Int32 recordNo, Object value)
   at System.Data.DataColumn.set_Item(Int32 record, Object value)
   --- End of inner exception stack trace ---
   at System.Data.DataColumn.set_Item(Int32 record, Object value)
   at System.Data.DataTable.NewRecordFromArray(Object[] value)
   at System.Data.DataRowCollection.Add(Object[] values)
   at SalesTehranBouranWin.Services.DataService.<SaveCustomers>d__4.MoveNext() in D:\C#\SalesTehranBouranWin\SalesTehranBouranWin\Services\DataService.cs:line 247
--- End of stack trace from previous location where exception was thrown ---
   at System.Runtime.CompilerServices.TaskAwaiter.ThrowForNonSuccess(Task task)
   at System.Runtime.CompilerServices.TaskAwaiter.HandleNonSuccessAndDebuggerNotification(Task task)
   at System.Runtime.CompilerServices.TaskAwaiter`1.GetResult()
   at SalesTehranBouranWin.Form1.<button3_Click>d__7.MoveNext() in D:\C#\SalesTehranBouranWin\SalesTehranBouranWin\Form1.cs:line 129
8/3/2025 11:19:33 AM: System.InvalidOperationException: The given ColumnMapping does not match up with any column in the source or destination.
   at System.Data.SqlClient.SqlBulkCopy.AnalyzeTargetAndCreateUpdateBulkCommand(BulkCopySimpleResultSet internalResults)
   at System.Data.SqlClient.SqlBulkCopy.WriteToServerInternalRestContinuedAsync(BulkCopySimpleResultSet internalResults, CancellationToken cts, TaskCompletionSource`1 source)
--- End of stack trace from previous location where exception was thrown ---
   at System.Runtime.CompilerServices.TaskAwaiter.ThrowForNonSuccess(Task task)
   at System.Runtime.CompilerServices.TaskAwaiter.HandleNonSuccessAndDebuggerNotification(Task task)
   at System.Runtime.CompilerServices.TaskAwaiter.GetResult()
   at SalesTehranBouranWin.Services.DataService.<SaveCustomers>d__4.MoveNext() in D:\C#\SalesTehranBouranWin\SalesTehranBouranWin\Services\DataService.cs:line 259
--- End of stack trace from previous location where exception was thrown ---
   at System.Runtime.CompilerServices.TaskAwaiter.ThrowForNonSuccess(Task task)
   at System.Runtime.CompilerServices.TaskAwaiter.HandleNonSuccessAndDebuggerNotification(Task task)
   at System.Runtime.CompilerServices.TaskAwaiter`1.GetResult()
   at SalesTehranBouranWin.Form1.<button3_Click>d__7.MoveNext() in D:\C#\SalesTehranBouranWin\SalesTehranBouranWin\Form1.cs:line 129
8/3/2025 11:23:43 AM: System.ArgumentException: Input array is longer than the number of columns in this table.
   at System.Data.DataTable.NewRecordFromArray(Object[] value)
   at System.Data.DataRowCollection.Add(Object[] values)
   at SalesTehranBouranWin.Services.DataService.<SaveCustomers>d__4.MoveNext() in D:\C#\SalesTehranBouranWin\SalesTehranBouranWin\Services\DataService.cs:line 245
--- End of stack trace from previous location where exception was thrown ---
   at System.Runtime.CompilerServices.TaskAwaiter.ThrowForNonSuccess(Task task)
   at System.Runtime.CompilerServices.TaskAwaiter.HandleNonSuccessAndDebuggerNotification(Task task)
   at System.Runtime.CompilerServices.TaskAwaiter`1.GetResult()
   at SalesTehranBouranWin.Form1.<button3_Click>d__7.MoveNext() in D:\C#\SalesTehranBouranWin\SalesTehranBouranWin\Form1.cs:line 129
8/3/2025 11:25:42 AM: System.InvalidOperationException: The given ColumnMapping does not match up with any column in the source or destination.
   at System.Data.SqlClient.SqlBulkCopy.AnalyzeTargetAndCreateUpdateBulkCommand(BulkCopySimpleResultSet internalResults)
   at System.Data.SqlClient.SqlBulkCopy.WriteToServerInternalRestContinuedAsync(BulkCopySimpleResultSet internalResults, CancellationToken cts, TaskCompletionSource`1 source)
--- End of stack trace from previous location where exception was thrown ---
   at System.Runtime.CompilerServices.TaskAwaiter.ThrowForNonSuccess(Task task)
   at System.Runtime.CompilerServices.TaskAwaiter.HandleNonSuccessAndDebuggerNotification(Task task)
   at System.Runtime.CompilerServices.TaskAwaiter.GetResult()
   at SalesTehranBouranWin.Services.DataService.<SaveCustomers>d__4.MoveNext() in D:\C#\SalesTehranBouranWin\SalesTehranBouranWin\Services\DataService.cs:line 267
--- End of stack trace from previous location where exception was thrown ---
   at System.Runtime.CompilerServices.TaskAwaiter.ThrowForNonSuccess(Task task)
   at System.Runtime.CompilerServices.TaskAwaiter.HandleNonSuccessAndDebuggerNotification(Task task)
   at System.Runtime.CompilerServices.TaskAwaiter`1.GetResult()
   at SalesTehranBouranWin.Form1.<button3_Click>d__7.MoveNext() in D:\C#\SalesTehranBouranWin\SalesTehranBouranWin\Form1.cs:line 129
8/3/2025 11:50:04 AM: System.InvalidOperationException: The given value of type String from the data source cannot be converted to type nvarchar of the specified target column. ---> System.InvalidOperationException: String or binary data would be truncated.
   at System.Data.SqlClient.SqlBulkCopy.ConvertValue(Object value, _SqlMetaData metadata, Boolean isNull, Boolean& isSqlType, Boolean& coercedToDataFeed)
   --- End of inner exception stack trace ---
   at System.Data.SqlClient.SqlBulkCopy.ConvertValue(Object value, _SqlMetaData metadata, Boolean isNull, Boolean& isSqlType, Boolean& coercedToDataFeed)
   at System.Data.SqlClient.SqlBulkCopy.ReadWriteColumnValueAsync(Int32 col)
   at System.Data.SqlClient.SqlBulkCopy.CopyColumnsAsync(Int32 col, TaskCompletionSource`1 source)
   at System.Data.SqlClient.SqlBulkCopy.CopyRowsAsync(Int32 rowsSoFar, Int32 totalRows, CancellationToken cts, TaskCompletionSource`1 source)
   at System.Data.SqlClient.SqlBulkCopy.CopyBatchesAsyncContinued(BulkCopySimpleResultSet internalResults, String updateBulkCommandText, CancellationToken cts, TaskCompletionSource`1 source)
--- End of stack trace from previous location where exception was thrown ---
   at System.Runtime.CompilerServices.TaskAwaiter.ThrowForNonSuccess(Task task)
   at System.Runtime.CompilerServices.TaskAwaiter.HandleNonSuccessAndDebuggerNotification(Task task)
   at System.Runtime.CompilerServices.TaskAwaiter.GetResult()
   at SalesTehranBouranWin.Services.DataService.<SaveCustomers>d__4.MoveNext() in D:\C#\SalesTehranBouranWin\SalesTehranBouranWin\Services\DataService.cs:line 257
--- End of stack trace from previous location where exception was thrown ---
   at System.Runtime.CompilerServices.TaskAwaiter.ThrowForNonSuccess(Task task)
   at System.Runtime.CompilerServices.TaskAwaiter.HandleNonSuccessAndDebuggerNotification(Task task)
   at System.Runtime.CompilerServices.TaskAwaiter`1.GetResult()
   at SalesTehranBouranWin.Form1.<button3_Click>d__7.MoveNext() in D:\C#\SalesTehranBouranWin\SalesTehranBouranWin\Form1.cs:line 129
8/3/2025 11:59:25 AM: System.Data.SqlClient.SqlException (0x80131904): Violation of PRIMARY KEY constraint 'PK__Customer__3214EC277E69B4D1'. Cannot insert duplicate key in object 'dbo.Customers'. The duplicate key value is (290000693).
The statement has been terminated.
   at System.Data.SqlClient.SqlConnection.OnError(SqlException exception, Boolean breakConnection, Action`1 wrapCloseInAction)
   at System.Data.SqlClient.SqlInternalConnection.OnError(SqlException exception, Boolean breakConnection, Action`1 wrapCloseInAction)
   at System.Data.SqlClient.TdsParser.ThrowExceptionAndWarning(TdsParserStateObject stateObj, Boolean callerHasConnectionLock, Boolean asyncClose)
   at System.Data.SqlClient.TdsParser.TryRun(RunBehavior runBehavior, SqlCommand cmdHandler, SqlDataReader dataStream, BulkCopySimpleResultSet bulkCopyHandler, TdsParserStateObject stateObj, Boolean& dataReady)
   at System.Data.SqlClient.TdsParser.Run(RunBehavior runBehavior, SqlCommand cmdHandler, SqlDataReader dataStream, BulkCopySimpleResultSet bulkCopyHandler, TdsParserStateObject stateObj)
   at System.Data.SqlClient.SqlBulkCopy.RunParser(BulkCopySimpleResultSet bulkCopyHandler)
   at System.Data.SqlClient.SqlBulkCopy.CopyBatchesAsyncContinuedOnSuccess(BulkCopySimpleResultSet internalResults, String updateBulkCommandText, CancellationToken cts, TaskCompletionSource`1 source)
--- End of stack trace from previous location where exception was thrown ---
   at System.Runtime.CompilerServices.TaskAwaiter.ThrowForNonSuccess(Task task)
   at System.Runtime.CompilerServices.TaskAwaiter.HandleNonSuccessAndDebuggerNotification(Task task)
   at System.Runtime.CompilerServices.TaskAwaiter.GetResult()
   at SalesTehranBouranWin.Services.DataService.<SaveCustomers>d__4.MoveNext() in D:\C#\SalesTehranBouranWin\SalesTehranBouranWin\Services\DataService.cs:line 253
--- End of stack trace from previous location where exception was thrown ---
   at System.Runtime.CompilerServices.TaskAwaiter.ThrowForNonSuccess(Task task)
   at System.Runtime.CompilerServices.TaskAwaiter.HandleNonSuccessAndDebuggerNotification(Task task)
   at System.Runtime.CompilerServices.TaskAwaiter`1.GetResult()
   at SalesTehranBouranWin.Form1.<button3_Click>d__7.MoveNext() in D:\C#\SalesTehranBouranWin\SalesTehranBouranWin\Form1.cs:line 129
ClientConnectionId:44125416-7b65-49b1-b9cc-29dd35da492e
Error Number:2627,State:1,Class:14
8/3/2025 12:38:50 PM: System.Data.SqlClient.SqlException (0x80131904): String or binary data would be truncated.
The statement has been terminated.
   at System.Data.SqlClient.SqlConnection.OnError(SqlException exception, Boolean breakConnection, Action`1 wrapCloseInAction)
   at System.Data.SqlClient.SqlInternalConnection.OnError(SqlException exception, Boolean breakConnection, Action`1 wrapCloseInAction)
   at System.Data.SqlClient.TdsParser.ThrowExceptionAndWarning(TdsParserStateObject stateObj, Boolean callerHasConnectionLock, Boolean asyncClose)
   at System.Data.SqlClient.TdsParser.TryRun(RunBehavior runBehavior, SqlCommand cmdHandler, SqlDataReader dataStream, BulkCopySimpleResultSet bulkCopyHandler, TdsParserStateObject stateObj, Boolean& dataReady)
   at System.Data.SqlClient.SqlCommand.FinishExecuteReader(SqlDataReader ds, RunBehavior runBehavior, String resetOptionsString, Boolean isInternal, Boolean forDescribeParameterEncryption, Boolean shouldCacheForAlwaysEncrypted)
   at System.Data.SqlClient.SqlCommand.CompleteAsyncExecuteReader(Boolean isInternal, Boolean forDescribeParameterEncryption)
   at System.Data.SqlClient.SqlCommand.InternalEndExecuteNonQuery(IAsyncResult asyncResult, String endMethod, Boolean isInternal)
   at System.Data.SqlClient.SqlCommand.EndExecuteNonQueryInternal(IAsyncResult asyncResult)
   at System.Data.SqlClient.SqlCommand.EndExecuteNonQueryAsync(IAsyncResult asyncResult)
   at System.Threading.Tasks.TaskFactory`1.FromAsyncCoreLogic(IAsyncResult iar, Func`2 endFunction, Action`1 endAction, Task`1 promise, Boolean requiresSynchronization)
--- End of stack trace from previous location where exception was thrown ---
   at System.Runtime.CompilerServices.TaskAwaiter.ThrowForNonSuccess(Task task)
   at System.Runtime.CompilerServices.TaskAwaiter.HandleNonSuccessAndDebuggerNotification(Task task)
   at System.Runtime.CompilerServices.TaskAwaiter`1.GetResult()
   at SalesTehranBouranWin.Services.DataService.<SaveCustomers>d__4.MoveNext() in D:\C#\SalesTehranBouranWin\SalesTehranBouranWin\Services\DataService.cs:line 282
--- End of stack trace from previous location where exception was thrown ---
   at System.Runtime.CompilerServices.TaskAwaiter.ThrowForNonSuccess(Task task)
   at System.Runtime.CompilerServices.TaskAwaiter.HandleNonSuccessAndDebuggerNotification(Task task)
   at System.Runtime.CompilerServices.TaskAwaiter`1.GetResult()
   at SalesTehranBouranWin.Form1.<button3_Click>d__7.MoveNext() in D:\C#\SalesTehranBouranWin\SalesTehranBouranWin\Form1.cs:line 129
ClientConnectionId:e47f7437-8b38-4fe5-b313-051ae228c358
Error Number:8152,State:13,Class:16
8/3/2025 12:42:55 PM: System.Data.SqlClient.SqlException (0x80131904): String or binary data would be truncated.
The statement has been terminated.
   at System.Data.SqlClient.SqlConnection.OnError(SqlException exception, Boolean breakConnection, Action`1 wrapCloseInAction)
   at System.Data.SqlClient.SqlInternalConnection.OnError(SqlException exception, Boolean breakConnection, Action`1 wrapCloseInAction)
   at System.Data.SqlClient.TdsParser.ThrowExceptionAndWarning(TdsParserStateObject stateObj, Boolean callerHasConnectionLock, Boolean asyncClose)
   at System.Data.SqlClient.TdsParser.TryRun(RunBehavior runBehavior, SqlCommand cmdHandler, SqlDataReader dataStream, BulkCopySimpleResultSet bulkCopyHandler, TdsParserStateObject stateObj, Boolean& dataReady)
   at System.Data.SqlClient.SqlCommand.FinishExecuteReader(SqlDataReader ds, RunBehavior runBehavior, String resetOptionsString, Boolean isInternal, Boolean forDescribeParameterEncryption, Boolean shouldCacheForAlwaysEncrypted)
   at System.Data.SqlClient.SqlCommand.CompleteAsyncExecuteReader(Boolean isInternal, Boolean forDescribeParameterEncryption)
   at System.Data.SqlClient.SqlCommand.InternalEndExecuteNonQuery(IAsyncResult asyncResult, String endMethod, Boolean isInternal)
   at System.Data.SqlClient.SqlCommand.EndExecuteNonQueryInternal(IAsyncResult asyncResult)
   at System.Data.SqlClient.SqlCommand.EndExecuteNonQueryAsync(IAsyncResult asyncResult)
   at System.Threading.Tasks.TaskFactory`1.FromAsyncCoreLogic(IAsyncResult iar, Func`2 endFunction, Action`1 endAction, Task`1 promise, Boolean requiresSynchronization)
--- End of stack trace from previous location where exception was thrown ---
   at System.Runtime.CompilerServices.TaskAwaiter.ThrowForNonSuccess(Task task)
   at System.Runtime.CompilerServices.TaskAwaiter.HandleNonSuccessAndDebuggerNotification(Task task)
   at System.Runtime.CompilerServices.TaskAwaiter`1.GetResult()
   at SalesTehranBouranWin.Services.DataService.<SaveCustomers>d__4.MoveNext() in D:\C#\SalesTehranBouranWin\SalesTehranBouranWin\Services\DataService.cs:line 282
--- End of stack trace from previous location where exception was thrown ---
   at System.Runtime.CompilerServices.TaskAwaiter.ThrowForNonSuccess(Task task)
   at System.Runtime.CompilerServices.TaskAwaiter.HandleNonSuccessAndDebuggerNotification(Task task)
   at System.Runtime.CompilerServices.TaskAwaiter`1.GetResult()
   at SalesTehranBouranWin.Form1.<button3_Click>d__7.MoveNext() in D:\C#\SalesTehranBouranWin\SalesTehranBouranWin\Form1.cs:line 129
ClientConnectionId:e47f7437-8b38-4fe5-b313-051ae228c358
Error Number:8152,State:13,Class:16
8/3/2025 12:56:17 PM: System.Data.SqlClient.SqlException (0x80131904): String or binary data would be truncated.
The statement has been terminated.
   at System.Data.SqlClient.SqlConnection.OnError(SqlException exception, Boolean breakConnection, Action`1 wrapCloseInAction)
   at System.Data.SqlClient.SqlInternalConnection.OnError(SqlException exception, Boolean breakConnection, Action`1 wrapCloseInAction)
   at System.Data.SqlClient.TdsParser.ThrowExceptionAndWarning(TdsParserStateObject stateObj, Boolean callerHasConnectionLock, Boolean asyncClose)
   at System.Data.SqlClient.TdsParser.TryRun(RunBehavior runBehavior, SqlCommand cmdHandler, SqlDataReader dataStream, BulkCopySimpleResultSet bulkCopyHandler, TdsParserStateObject stateObj, Boolean& dataReady)
   at System.Data.SqlClient.SqlCommand.FinishExecuteReader(SqlDataReader ds, RunBehavior runBehavior, String resetOptionsString, Boolean isInternal, Boolean forDescribeParameterEncryption, Boolean shouldCacheForAlwaysEncrypted)
   at System.Data.SqlClient.SqlCommand.CompleteAsyncExecuteReader(Boolean isInternal, Boolean forDescribeParameterEncryption)
   at System.Data.SqlClient.SqlCommand.InternalEndExecuteNonQuery(IAsyncResult asyncResult, String endMethod, Boolean isInternal)
   at System.Data.SqlClient.SqlCommand.EndExecuteNonQueryInternal(IAsyncResult asyncResult)
   at System.Data.SqlClient.SqlCommand.EndExecuteNonQueryAsync(IAsyncResult asyncResult)
   at System.Threading.Tasks.TaskFactory`1.FromAsyncCoreLogic(IAsyncResult iar, Func`2 endFunction, Action`1 endAction, Task`1 promise, Boolean requiresSynchronization)
--- End of stack trace from previous location where exception was thrown ---
   at System.Runtime.CompilerServices.TaskAwaiter.ThrowForNonSuccess(Task task)
   at System.Runtime.CompilerServices.TaskAwaiter.HandleNonSuccessAndDebuggerNotification(Task task)
   at System.Runtime.CompilerServices.TaskAwaiter`1.GetResult()
   at SalesTehranBouranWin.Services.DataService.<SaveCustomers>d__4.MoveNext() in D:\C#\SalesTehranBouranWin\SalesTehranBouranWin\Services\DataService.cs:line 282
--- End of stack trace from previous location where exception was thrown ---
   at System.Runtime.CompilerServices.TaskAwaiter.ThrowForNonSuccess(Task task)
   at System.Runtime.CompilerServices.TaskAwaiter.HandleNonSuccessAndDebuggerNotification(Task task)
   at System.Runtime.CompilerServices.TaskAwaiter`1.GetResult()
   at SalesTehranBouranWin.Form1.<button3_Click>d__7.MoveNext() in D:\C#\SalesTehranBouranWin\SalesTehranBouranWin\Form1.cs:line 129
ClientConnectionId:2cf761b1-a986-4c80-b305-fd929c862085
Error Number:8152,State:13,Class:16
8/3/2025 12:57:42 PM: System.Data.SqlClient.SqlException (0x80131904): String or binary data would be truncated.
The statement has been terminated.
   at System.Data.SqlClient.SqlConnection.OnError(SqlException exception, Boolean breakConnection, Action`1 wrapCloseInAction)
   at System.Data.SqlClient.SqlInternalConnection.OnError(SqlException exception, Boolean breakConnection, Action`1 wrapCloseInAction)
   at System.Data.SqlClient.TdsParser.ThrowExceptionAndWarning(TdsParserStateObject stateObj, Boolean callerHasConnectionLock, Boolean asyncClose)
   at System.Data.SqlClient.TdsParser.TryRun(RunBehavior runBehavior, SqlCommand cmdHandler, SqlDataReader dataStream, BulkCopySimpleResultSet bulkCopyHandler, TdsParserStateObject stateObj, Boolean& dataReady)
   at System.Data.SqlClient.SqlCommand.FinishExecuteReader(SqlDataReader ds, RunBehavior runBehavior, String resetOptionsString, Boolean isInternal, Boolean forDescribeParameterEncryption, Boolean shouldCacheForAlwaysEncrypted)
   at System.Data.SqlClient.SqlCommand.CompleteAsyncExecuteReader(Boolean isInternal, Boolean forDescribeParameterEncryption)
   at System.Data.SqlClient.SqlCommand.InternalEndExecuteNonQuery(IAsyncResult asyncResult, String endMethod, Boolean isInternal)
   at System.Data.SqlClient.SqlCommand.EndExecuteNonQueryInternal(IAsyncResult asyncResult)
   at System.Data.SqlClient.SqlCommand.EndExecuteNonQueryAsync(IAsyncResult asyncResult)
   at System.Threading.Tasks.TaskFactory`1.FromAsyncCoreLogic(IAsyncResult iar, Func`2 endFunction, Action`1 endAction, Task`1 promise, Boolean requiresSynchronization)
--- End of stack trace from previous location where exception was thrown ---
   at System.Runtime.CompilerServices.TaskAwaiter.ThrowForNonSuccess(Task task)
   at System.Runtime.CompilerServices.TaskAwaiter.HandleNonSuccessAndDebuggerNotification(Task task)
   at System.Runtime.CompilerServices.TaskAwaiter`1.GetResult()
   at SalesTehranBouranWin.Services.DataService.<SaveCustomers>d__4.MoveNext() in D:\C#\SalesTehranBouranWin\SalesTehranBouranWin\Services\DataService.cs:line 282
--- End of stack trace from previous location where exception was thrown ---
   at System.Runtime.CompilerServices.TaskAwaiter.ThrowForNonSuccess(Task task)
   at System.Runtime.CompilerServices.TaskAwaiter.HandleNonSuccessAndDebuggerNotification(Task task)
   at System.Runtime.CompilerServices.TaskAwaiter`1.GetResult()
   at SalesTehranBouranWin.Form1.<button3_Click>d__7.MoveNext() in D:\C#\SalesTehranBouranWin\SalesTehranBouranWin\Form1.cs:line 129
ClientConnectionId:2cf761b1-a986-4c80-b305-fd929c862085
Error Number:8152,State:13,Class:16
8/3/2025 1:21:40 PM: System.ArgumentException: Cannot set column 'CustomerName'. The value violates the MaxLength limit of this column.
   at System.Data.DataColumn.CheckMaxLength(DataRow dr)
   at System.Data.DataTable.RaiseRowChanging(DataRowChangeEventArgs args, DataRow eRow, DataRowAction eAction, Boolean fireEvent)
   at System.Data.DataTable.SetNewRecordWorker(DataRow row, Int32 proposedRecord, DataRowAction action, Boolean isInMerge, Boolean suppressEnsurePropertyChanged, Int32 position, Boolean fireEvent, Exception& deferredException)
   at System.Data.DataTable.InsertRow(DataRow row, Int64 proposedID, Int32 pos, Boolean fireEvent)
   at System.Data.DataRowCollection.Add(Object[] values)
   at SalesTehranBouranWin.Services.DataService.<SaveCustomers>d__4.MoveNext() in D:\C#\SalesTehranBouranWin\SalesTehranBouranWin\Services\DataService.cs:line 253
--- End of stack trace from previous location where exception was thrown ---
   at System.Runtime.CompilerServices.TaskAwaiter.ThrowForNonSuccess(Task task)
   at System.Runtime.CompilerServices.TaskAwaiter.HandleNonSuccessAndDebuggerNotification(Task task)
   at System.Runtime.CompilerServices.TaskAwaiter`1.GetResult()
   at SalesTehranBouranWin.Form1.<button3_Click>d__7.MoveNext() in D:\C#\SalesTehranBouranWin\SalesTehranBouranWin\Form1.cs:line 129
8/3/2025 1:23:42 PM: System.InvalidOperationException: The given value of type String from the data source cannot be converted to type nvarchar of the specified target column. ---> System.InvalidOperationException: String or binary data would be truncated.
   at System.Data.SqlClient.SqlBulkCopy.ConvertValue(Object value, _SqlMetaData metadata, Boolean isNull, Boolean& isSqlType, Boolean& coercedToDataFeed)
   --- End of inner exception stack trace ---
   at System.Data.SqlClient.SqlBulkCopy.ConvertValue(Object value, _SqlMetaData metadata, Boolean isNull, Boolean& isSqlType, Boolean& coercedToDataFeed)
   at System.Data.SqlClient.SqlBulkCopy.ReadWriteColumnValueAsync(Int32 col)
   at System.Data.SqlClient.SqlBulkCopy.CopyColumnsAsync(Int32 col, TaskCompletionSource`1 source)
   at System.Data.SqlClient.SqlBulkCopy.CopyRowsAsync(Int32 rowsSoFar, Int32 totalRows, CancellationToken cts, TaskCompletionSource`1 source)
--- End of stack trace from previous location where exception was thrown ---
   at System.Runtime.CompilerServices.TaskAwaiter.ThrowForNonSuccess(Task task)
   at System.Runtime.CompilerServices.TaskAwaiter.HandleNonSuccessAndDebuggerNotification(Task task)
   at System.Runtime.CompilerServices.TaskAwaiter.GetResult()
   at SalesTehranBouranWin.Services.DataService.<SaveCustomers>d__4.MoveNext() in D:\C#\SalesTehranBouranWin\SalesTehranBouranWin\Services\DataService.cs:line 269
--- End of stack trace from previous location where exception was thrown ---
   at System.Runtime.CompilerServices.TaskAwaiter.ThrowForNonSuccess(Task task)
   at System.Runtime.CompilerServices.TaskAwaiter.HandleNonSuccessAndDebuggerNotification(Task task)
   at System.Runtime.CompilerServices.TaskAwaiter`1.GetResult()
   at SalesTehranBouranWin.Form1.<button3_Click>d__7.MoveNext() in D:\C#\SalesTehranBouranWin\SalesTehranBouranWin\Form1.cs:line 129
10/20/2025 1:27:29 PM: System.ArgumentException: Cannot set column 'CustLevelName'. The value violates the MaxLength limit of this column.
   at System.Data.DataColumn.CheckMaxLength(DataRow dr)
   at System.Data.DataTable.RaiseRowChanging(DataRowChangeEventArgs args, DataRow eRow, DataRowAction eAction, Boolean fireEvent)
   at System.Data.DataTable.SetNewRecordWorker(DataRow row, Int32 proposedRecord, DataRowAction action, Boolean isInMerge, Boolean suppressEnsurePropertyChanged, Int32 position, Boolean fireEvent, Exception& deferredException)
   at System.Data.DataTable.InsertRow(DataRow row, Int64 proposedID, Int32 pos, Boolean fireEvent)
   at System.Data.DataRowCollection.Add(Object[] values)
   at SalesTehranBouranWin.Services.DataService.<SaveCustomers>d__5.MoveNext() in D:\C#\SalesTehranBouranWin\SalesTehranBouranWin\Services\DataService.cs:line 290
--- End of stack trace from previous location where exception was thrown ---
   at System.Runtime.CompilerServices.TaskAwaiter.ThrowForNonSuccess(Task task)
   at System.Runtime.CompilerServices.TaskAwaiter.HandleNonSuccessAndDebuggerNotification(Task task)
   at System.Runtime.CompilerServices.TaskAwaiter`1.GetResult()
   at SalesTehranBouranWin.Form1.<button3_Click>d__7.MoveNext() in D:\C#\SalesTehranBouranWin\SalesTehranBouranWin\Form1.cs:line 129
10/20/2025 1:29:09 PM: System.ArgumentException: Cannot set column 'CustLevelName'. The value violates the MaxLength limit of this column.
   at System.Data.DataColumn.CheckMaxLength(DataRow dr)
   at System.Data.DataTable.RaiseRowChanging(DataRowChangeEventArgs args, DataRow eRow, DataRowAction eAction, Boolean fireEvent)
   at System.Data.DataTable.SetNewRecordWorker(DataRow row, Int32 proposedRecord, DataRowAction action, Boolean isInMerge, Boolean suppressEnsurePropertyChanged, Int32 position, Boolean fireEvent, Exception& deferredException)
   at System.Data.DataTable.InsertRow(DataRow row, Int64 proposedID, Int32 pos, Boolean fireEvent)
   at System.Data.DataRowCollection.Add(Object[] values)
   at SalesTehranBouranWin.Services.DataService.<SaveCustomers>d__5.MoveNext() in D:\C#\SalesTehranBouranWin\SalesTehranBouranWin\Services\DataService.cs:line 290
--- End of stack trace from previous location where exception was thrown ---
   at System.Runtime.CompilerServices.TaskAwaiter.ThrowForNonSuccess(Task task)
   at System.Runtime.CompilerServices.TaskAwaiter.HandleNonSuccessAndDebuggerNotification(Task task)
   at System.Runtime.CompilerServices.TaskAwaiter`1.GetResult()
   at SalesTehranBouranWin.Form1.<button3_Click>d__7.MoveNext() in D:\C#\SalesTehranBouranWin\SalesTehranBouranWin\Form1.cs:line 129
10/20/2025 1:30:25 PM: System.ArgumentException: Cannot set column 'CustLevelName'. The value violates the MaxLength limit of this column.
   at System.Data.DataColumn.CheckMaxLength(DataRow dr)
   at System.Data.DataTable.RaiseRowChanging(DataRowChangeEventArgs args, DataRow eRow, DataRowAction eAction, Boolean fireEvent)
   at System.Data.DataTable.SetNewRecordWorker(DataRow row, Int32 proposedRecord, DataRowAction action, Boolean isInMerge, Boolean suppressEnsurePropertyChanged, Int32 position, Boolean fireEvent, Exception& deferredException)
   at System.Data.DataTable.InsertRow(DataRow row, Int64 proposedID, Int32 pos, Boolean fireEvent)
   at System.Data.DataRowCollection.Add(Object[] values)
   at SalesTehranBouranWin.Services.DataService.<SaveCustomers>d__5.MoveNext() in D:\C#\SalesTehranBouranWin\SalesTehranBouranWin\Services\DataService.cs:line 290
--- End of stack trace from previous location where exception was thrown ---
   at System.Runtime.CompilerServices.TaskAwaiter.ThrowForNonSuccess(Task task)
   at System.Runtime.CompilerServices.TaskAwaiter.HandleNonSuccessAndDebuggerNotification(Task task)
   at System.Runtime.CompilerServices.TaskAwaiter`1.GetResult()
   at SalesTehranBouranWin.Form1.<button3_Click>d__7.MoveNext() in D:\C#\SalesTehranBouranWin\SalesTehranBouranWin\Form1.cs:line 129
10/20/2025 1:33:17 PM: System.InvalidOperationException: The given value of type String from the data source cannot be converted to type nvarchar of the specified target column. ---> System.InvalidOperationException: String or binary data would be truncated.
   at System.Data.SqlClient.SqlBulkCopy.ConvertValue(Object value, _SqlMetaData metadata, Boolean isNull, Boolean& isSqlType, Boolean& coercedToDataFeed)
   --- End of inner exception stack trace ---
   at System.Data.SqlClient.SqlBulkCopy.ConvertValue(Object value, _SqlMetaData metadata, Boolean isNull, Boolean& isSqlType, Boolean& coercedToDataFeed)
   at System.Data.SqlClient.SqlBulkCopy.ReadWriteColumnValueAsync(Int32 col)
   at System.Data.SqlClient.SqlBulkCopy.CopyColumnsAsync(Int32 col, TaskCompletionSource`1 source)
   at System.Data.SqlClient.SqlBulkCopy.CopyRowsAsync(Int32 rowsSoFar, Int32 totalRows, CancellationToken cts, TaskCompletionSource`1 source)
--- End of stack trace from previous location where exception was thrown ---
   at System.Runtime.CompilerServices.TaskAwaiter.ThrowForNonSuccess(Task task)
   at System.Runtime.CompilerServices.TaskAwaiter.HandleNonSuccessAndDebuggerNotification(Task task)
   at System.Runtime.CompilerServices.TaskAwaiter.GetResult()
   at SalesTehranBouranWin.Services.DataService.<SaveCustomers>d__5.MoveNext() in D:\C#\SalesTehranBouranWin\SalesTehranBouranWin\Services\DataService.cs:line 306
--- End of stack trace from previous location where exception was thrown ---
   at System.Runtime.CompilerServices.TaskAwaiter.ThrowForNonSuccess(Task task)
   at System.Runtime.CompilerServices.TaskAwaiter.HandleNonSuccessAndDebuggerNotification(Task task)
   at System.Runtime.CompilerServices.TaskAwaiter`1.GetResult()
   at SalesTehranBouranWin.Form1.<button3_Click>d__7.MoveNext() in D:\C#\SalesTehranBouranWin\SalesTehranBouranWin\Form1.cs:line 129
